<?xml version="1.0" encoding="UTF-8"?>
<!-- Generated by org.testng.reporters.JUnitReportReporter -->
<testsuite hostname="DESKTOP-H4LHD4U" name="demo.Test1" tests="1" failures="0" timestamp="16 Apr 2020 08:29:00 GMT" time="0.007" errors="0">
  <testcase name="f" time="0.007" classname="demo.Test1"/>
</testsuite> <!-- demo.Test1 -->
